<?xml version="1.0" encoding="UTF-8"?>
<beans xmlns="http://www.springframework.org/schema/beans"
       xmlns:xsi="http://www.w3.org/2001/XMLSchema-instance"
       xmlns:c="http://www.springframework.org/schema/c"
       xmlns:p="http://www.springframework.org/schema/p"
       xsi:schemaLocation="http://www.springframework.org/schema/beans
              http://www.springframework.org/schema/beans/spring-beans.xsd">

    <bean id="simpleBean1" class="com.ps.sample.SimpleBean"/>
    <bean id="simpleBean2" class="com.ps.sample.SimpleBean"/>

    <bean id="complexBean" class="com.ps.sample.ComplexBean"
          c:_0-ref="simpleBean1"
          p:simpleBean2-ref="simpleBean2"/>

    <bean id="complexBean2" class="com.ps.sample.ComplexBean2"
          c:_0-ref="simpleBean1"
          p:simpleBean2-ref="simpleBean2"/>

    <bean id="simpleBean3" class="com.ps.sample.SimpleBean"
          scope="prototype"/>

</beans>